<?xml version="1.0" encoding="UTF-8"?>
<!-- Generated by org.testng.reporters.JUnitReportReporter -->
<testsuite hostname="Feba" failures="0" tests="1" name="TestPackage.DestinationTest" time="1.719" errors="0" timestamp="2024-11-13T23:42:19 IST" skipped="0">
  <testcase classname="TestPackage.DestinationTest" name="EnterValueInDestinationTextBox" time="1.719"/>
</testsuite> <!-- TestPackage.DestinationTest -->
