<?xml version="1.0" encoding="UTF-8"?>
<!-- Generated by org.testng.reporters.JUnitReportReporter -->
<testsuite hostname="Feba" failures="0" tests="1" name="TestPackage.DestinationTest" time="0.971" errors="0" timestamp="2024-11-13T14:35:50 IST" skipped="0">
  <testcase classname="TestPackage.DestinationTest" name="EnterValueInDestinationTextBox" time="0.971"/>
</testsuite> <!-- TestPackage.DestinationTest -->
