<?xml version="1.0" encoding="UTF-8"?>
<!-- Generated by org.testng.reporters.JUnitReportReporter -->
<testsuite hostname="Feba" failures="0" tests="2" name="TestPackage.LandingPageTest" time="3.616" errors="0" timestamp="2024-11-13T22:41:37 IST" skipped="0">
  <testcase classname="TestPackage.LandingPageTest" name="VerifyLandingPageTitle" time="2.590"/>
  <testcase classname="TestPackage.LandingPageTest" name="StringSplitDemo" time="1.026"/>
</testsuite> <!-- TestPackage.LandingPageTest -->
