<?xml version="1.0" encoding="UTF-8"?>
<!-- Generated by org.testng.reporters.JUnitReportReporter -->
<testsuite hostname="Feba" failures="0" tests="2" name="TestPackage.createAccountTest" time="27.607" errors="0" timestamp="2024-11-13T15:36:13 IST" skipped="0">
  <testcase classname="TestPackage.createAccountTest" name="emailSectionFunctionality" time="20.787"/>
  <testcase classname="TestPackage.createAccountTest" name="SwitchToFrame" time="6.820"/>
</testsuite> <!-- TestPackage.createAccountTest -->
