<?xml version="1.0" encoding="UTF-8"?>
<!-- Generated by org.testng.reporters.JUnitReportReporter -->
<testsuite hostname="Feba" failures="0" tests="2" name="TestPackage.LandingPageTest" time="2.317" errors="0" timestamp="2024-11-13T14:35:50 IST" skipped="0">
  <testcase classname="TestPackage.LandingPageTest" name="VerifyLandingPageTitle" time="1.812"/>
  <testcase classname="TestPackage.LandingPageTest" name="StringSplitDemo" time="0.505"/>
</testsuite> <!-- TestPackage.LandingPageTest -->
