<?xml version="1.0" encoding="UTF-8"?>
<!-- Generated by org.testng.reporters.JUnitReportReporter -->
<testsuite hostname="Feba" failures="0" tests="1" name="TestPackage.DestinationTest" time="0.858" errors="0" timestamp="2024-11-13T15:36:13 IST" skipped="0">
  <testcase classname="TestPackage.DestinationTest" name="EnterValueInDestinationTextBox" time="0.858"/>
</testsuite> <!-- TestPackage.DestinationTest -->
