<?xml version="1.0" encoding="UTF-8"?>
<!-- Generated by org.testng.reporters.JUnitReportReporter -->
<testsuite hostname="Feba" failures="0" tests="2" name="TestPackage.LandingPageTest" time="5.828" errors="0" timestamp="2024-11-13T23:42:19 IST" skipped="0">
  <testcase classname="TestPackage.LandingPageTest" name="VerifyLandingPageTitle" time="4.584"/>
  <testcase classname="TestPackage.LandingPageTest" name="StringSplitDemo" time="1.244"/>
</testsuite> <!-- TestPackage.LandingPageTest -->
