<?xml version="1.0" encoding="UTF-8"?>
<!-- Generated by org.testng.reporters.JUnitReportReporter -->
<testsuite hostname="Feba" failures="0" tests="2" name="TestPackage.createAccountTest" time="41.452" errors="0" timestamp="2024-11-13T22:41:37 IST" skipped="0">
  <testcase classname="TestPackage.createAccountTest" name="SwitchToFrame" time="9.839"/>
  <testcase classname="TestPackage.createAccountTest" name="emailSectionFunctionality" time="31.613"/>
</testsuite> <!-- TestPackage.createAccountTest -->
