<?xml version="1.0" encoding="UTF-8"?>
<!-- Generated by org.testng.reporters.JUnitReportReporter -->
<testsuite hostname="Feba" failures="0" tests="2" name="TestPackage.LandingPageTest" time="2.781" errors="0" timestamp="2024-11-13T15:36:13 IST" skipped="0">
  <testcase classname="TestPackage.LandingPageTest" name="StringSplitDemo" time="1.842"/>
  <testcase classname="TestPackage.LandingPageTest" name="VerifyLandingPageTitle" time="0.939"/>
</testsuite> <!-- TestPackage.LandingPageTest -->
