<?xml version="1.0" encoding="UTF-8"?>
<!-- Generated by org.testng.reporters.JUnitReportReporter -->
<testsuite hostname="Feba" failures="0" tests="2" name="TestPackage.LandingPageTest" time="53.103" errors="0" timestamp="2024-11-05T22:45:20 IST" skipped="0">
  <testcase classname="TestPackage.LandingPageTest" name="StringSplitDemo" time="28.057"/>
  <testcase classname="TestPackage.LandingPageTest" name="StringSplitDemo" time="25.046"/>
</testsuite> <!-- TestPackage.LandingPageTest -->
