<?xml version="1.0" encoding="UTF-8"?>
<!-- Generated by org.testng.reporters.JUnitReportReporter -->
<testsuite hostname="Feba" failures="0" tests="2" name="TestPackage.createAccountTest" time="11.505" errors="0" timestamp="2024-11-08T22:10:43 IST" skipped="0">
  <testcase classname="TestPackage.createAccountTest" name="emailSectionFunctionality" time="4.114"/>
  <testcase classname="TestPackage.createAccountTest" name="SwitchToFrame" time="7.391"/>
</testsuite> <!-- TestPackage.createAccountTest -->
