<?xml version="1.0" encoding="UTF-8"?>
<!-- Generated by org.testng.reporters.JUnitReportReporter -->
<testsuite hostname="Feba" failures="0" tests="2" name="TestPackage.LandingPageTest" time="3.199" errors="0" timestamp="2024-11-08T22:10:43 IST" skipped="0">
  <testcase classname="TestPackage.LandingPageTest" name="StringSplitDemo" time="2.187"/>
  <testcase classname="TestPackage.LandingPageTest" name="VerifyLandingPageTitle" time="1.012"/>
</testsuite> <!-- TestPackage.LandingPageTest -->
